This file contains any messages produced by compilers while
running configure, to aid debugging if configure makes a mistake.

It was created by Nominatim configure 2.5.1, which was
generated by GNU Autoconf 2.69.  Invocation command line was

  $ ./configure 

## --------- ##
## Platform. ##
## --------- ##

hostname = Shashank-Ubuntu
uname -m = x86_64
uname -r = 3.13.0-36-generic
uname -s = Linux
uname -v = #63-Ubuntu SMP Wed Sep 3 21:30:07 UTC 2014

/usr/bin/uname -p = unknown
/bin/uname -X     = unknown

/bin/arch              = unknown
/usr/bin/arch -k       = unknown
/usr/convex/getsysinfo = unknown
/usr/bin/hostinfo      = unknown
/bin/machine           = unknown
/usr/bin/oslevel       = unknown
/bin/universe          = unknown

PATH: /home/shashank/bin
PATH: /usr/local/sbin
PATH: /usr/local/bin
PATH: /usr/sbin
PATH: /usr/bin
PATH: /sbin
PATH: /bin
PATH: /usr/games
PATH: /usr/local/games


## ----------- ##
## Core tests. ##
## ----------- ##

configure:2288: checking for a BSD-compatible install
configure:2356: result: /usr/bin/install -c
configure:2367: checking whether build environment is sane
configure:2422: result: yes
configure:2573: checking for a thread-safe mkdir -p
configure:2612: result: /bin/mkdir -p
configure:2619: checking for gawk
configure:2649: result: no
configure:2619: checking for mawk
configure:2635: found /usr/bin/mawk
configure:2646: result: mawk
configure:2657: checking whether make sets $(MAKE)
configure:2679: result: yes
configure:2708: checking whether make supports nested variables
configure:2725: result: yes
configure:2931: checking for gcc
configure:2947: found /usr/bin/gcc
configure:2958: result: gcc
configure:3187: checking for C compiler version
configure:3196: gcc --version >&5
gcc (Ubuntu 4.8.2-19ubuntu1) 4.8.2
Copyright (C) 2013 Free Software Foundation, Inc.
This is free software; see the source for copying conditions.  There is NO
warranty; not even for MERCHANTABILITY or FITNESS FOR A PARTICULAR PURPOSE.

configure:3207: $? = 0
configure:3196: gcc -v >&5
Using built-in specs.
COLLECT_GCC=gcc
COLLECT_LTO_WRAPPER=/usr/lib/gcc/x86_64-linux-gnu/4.8/lto-wrapper
Target: x86_64-linux-gnu
Configured with: ../src/configure -v --with-pkgversion='Ubuntu 4.8.2-19ubuntu1' --with-bugurl=file:///usr/share/doc/gcc-4.8/README.Bugs --enable-languages=c,c++,java,go,d,fortran,objc,obj-c++ --prefix=/usr --program-suffix=-4.8 --enable-shared --enable-linker-build-id --libexecdir=/usr/lib --without-included-gettext --enable-threads=posix --with-gxx-include-dir=/usr/include/c++/4.8 --libdir=/usr/lib --enable-nls --with-sysroot=/ --enable-clocale=gnu --enable-libstdcxx-debug --enable-libstdcxx-time=yes --enable-gnu-unique-object --disable-libmudflap --enable-plugin --with-system-zlib --disable-browser-plugin --enable-java-awt=gtk --enable-gtk-cairo --with-java-home=/usr/lib/jvm/java-1.5.0-gcj-4.8-amd64/jre --enable-java-home --with-jvm-root-dir=/usr/lib/jvm/java-1.5.0-gcj-4.8-amd64 --with-jvm-jar-dir=/usr/lib/jvm-exports/java-1.5.0-gcj-4.8-amd64 --with-arch-directory=amd64 --with-ecj-jar=/usr/share/java/eclipse-ecj.jar --enable-objc-gc --enable-multiarch --disable-werror --with-arch-32=i686 --with-abi=m64 --with-multilib-list=m32,m64,mx32 --with-tune=generic --enable-checking=release --build=x86_64-linux-gnu --host=x86_64-linux-gnu --target=x86_64-linux-gnu
Thread model: posix
gcc version 4.8.2 (Ubuntu 4.8.2-19ubuntu1) 
configure:3207: $? = 0
configure:3196: gcc -V >&5
gcc: error: unrecognized command line option '-V'
gcc: fatal error: no input files
compilation terminated.
configure:3207: $? = 4
configure:3196: gcc -qversion >&5
gcc: error: unrecognized command line option '-qversion'
gcc: fatal error: no input files
compilation terminated.
configure:3207: $? = 4
configure:3227: checking whether the C compiler works
configure:3249: gcc    conftest.c  >&5
configure:3253: $? = 0
configure:3301: result: yes
configure:3304: checking for C compiler default output file name
configure:3306: result: a.out
configure:3312: checking for suffix of executables
configure:3319: gcc -o conftest    conftest.c  >&5
configure:3323: $? = 0
configure:3345: result: 
configure:3367: checking whether we are cross compiling
configure:3375: gcc -o conftest    conftest.c  >&5
configure:3379: $? = 0
configure:3386: ./conftest
configure:3390: $? = 0
configure:3405: result: no
configure:3410: checking for suffix of object files
configure:3432: gcc -c   conftest.c >&5
configure:3436: $? = 0
configure:3457: result: o
configure:3461: checking whether we are using the GNU C compiler
configure:3480: gcc -c   conftest.c >&5
configure:3480: $? = 0
configure:3489: result: yes
configure:3498: checking whether gcc accepts -g
configure:3518: gcc -c -g  conftest.c >&5
configure:3518: $? = 0
configure:3559: result: yes
configure:3576: checking for gcc option to accept ISO C89
configure:3639: gcc  -c -g -O2  conftest.c >&5
configure:3639: $? = 0
configure:3652: result: none needed
configure:3677: checking whether gcc understands -c and -o together
configure:3699: gcc -c conftest.c -o conftest2.o
configure:3702: $? = 0
configure:3699: gcc -c conftest.c -o conftest2.o
configure:3702: $? = 0
configure:3714: result: yes
configure:3742: checking for style of include used by make
configure:3770: result: GNU
configure:3796: checking dependency style of gcc
configure:3907: result: gcc3
configure:3981: checking for g++
configure:3997: found /usr/bin/g++
configure:4008: result: g++
configure:4035: checking for C++ compiler version
configure:4044: g++ --version >&5
g++ (Ubuntu 4.8.2-19ubuntu1) 4.8.2
Copyright (C) 2013 Free Software Foundation, Inc.
This is free software; see the source for copying conditions.  There is NO
warranty; not even for MERCHANTABILITY or FITNESS FOR A PARTICULAR PURPOSE.

configure:4055: $? = 0
configure:4044: g++ -v >&5
Using built-in specs.
COLLECT_GCC=g++
COLLECT_LTO_WRAPPER=/usr/lib/gcc/x86_64-linux-gnu/4.8/lto-wrapper
Target: x86_64-linux-gnu
Configured with: ../src/configure -v --with-pkgversion='Ubuntu 4.8.2-19ubuntu1' --with-bugurl=file:///usr/share/doc/gcc-4.8/README.Bugs --enable-languages=c,c++,java,go,d,fortran,objc,obj-c++ --prefix=/usr --program-suffix=-4.8 --enable-shared --enable-linker-build-id --libexecdir=/usr/lib --without-included-gettext --enable-threads=posix --with-gxx-include-dir=/usr/include/c++/4.8 --libdir=/usr/lib --enable-nls --with-sysroot=/ --enable-clocale=gnu --enable-libstdcxx-debug --enable-libstdcxx-time=yes --enable-gnu-unique-object --disable-libmudflap --enable-plugin --with-system-zlib --disable-browser-plugin --enable-java-awt=gtk --enable-gtk-cairo --with-java-home=/usr/lib/jvm/java-1.5.0-gcj-4.8-amd64/jre --enable-java-home --with-jvm-root-dir=/usr/lib/jvm/java-1.5.0-gcj-4.8-amd64 --with-jvm-jar-dir=/usr/lib/jvm-exports/java-1.5.0-gcj-4.8-amd64 --with-arch-directory=amd64 --with-ecj-jar=/usr/share/java/eclipse-ecj.jar --enable-objc-gc --enable-multiarch --disable-werror --with-arch-32=i686 --with-abi=m64 --with-multilib-list=m32,m64,mx32 --with-tune=generic --enable-checking=release --build=x86_64-linux-gnu --host=x86_64-linux-gnu --target=x86_64-linux-gnu
Thread model: posix
gcc version 4.8.2 (Ubuntu 4.8.2-19ubuntu1) 
configure:4055: $? = 0
configure:4044: g++ -V >&5
g++: error: unrecognized command line option '-V'
g++: fatal error: no input files
compilation terminated.
configure:4055: $? = 4
configure:4044: g++ -qversion >&5
g++: error: unrecognized command line option '-qversion'
g++: fatal error: no input files
compilation terminated.
configure:4055: $? = 4
configure:4059: checking whether we are using the GNU C++ compiler
configure:4078: g++ -c   conftest.cpp >&5
configure:4078: $? = 0
configure:4087: result: yes
configure:4096: checking whether g++ accepts -g
configure:4116: g++ -c -g  conftest.cpp >&5
configure:4116: $? = 0
configure:4157: result: yes
configure:4182: checking dependency style of g++
configure:4293: result: gcc3
configure:4313: checking build system type
configure:4327: result: x86_64-unknown-linux-gnu
configure:4347: checking host system type
configure:4360: result: x86_64-unknown-linux-gnu
configure:4493: checking if compiler needs -Werror to reject unknown flags
configure:4509: gcc -c -g -O2 -Werror -Wunknown-warning-option -Wsizeof-array-argument  conftest.c >&5
gcc: error: unrecognized command line option '-Wunknown-warning-option'
gcc: error: unrecognized command line option '-Wsizeof-array-argument'
configure:4509: $? = 1
configure: failed program was:
| /* confdefs.h */
| #define PACKAGE_NAME "Nominatim"
| #define PACKAGE_TARNAME "nominatim"
| #define PACKAGE_VERSION "2.5.1"
| #define PACKAGE_STRING "Nominatim 2.5.1"
| #define PACKAGE_BUGREPORT ""
| #define PACKAGE_URL ""
| #define PACKAGE "nominatim"
| #define VERSION "2.5.1"
| /* end confdefs.h.  */
| int foo(void);
| int
| main ()
| {
| foo()
|   ;
|   return 0;
| }
configure:4514: result: no
configure:4580: checking for the pthreads library -lpthreads
configure:4618: gcc -o conftest -g -O2     conftest.c -lpthreads  >&5
/usr/bin/ld: cannot find -lpthreads
collect2: error: ld returned 1 exit status
configure:4618: $? = 1
configure: failed program was:
| /* confdefs.h */
| #define PACKAGE_NAME "Nominatim"
| #define PACKAGE_TARNAME "nominatim"
| #define PACKAGE_VERSION "2.5.1"
| #define PACKAGE_STRING "Nominatim 2.5.1"
| #define PACKAGE_BUGREPORT ""
| #define PACKAGE_URL ""
| #define PACKAGE "nominatim"
| #define VERSION "2.5.1"
| /* end confdefs.h.  */
| #include <pthread.h>
|                         static void routine(void *a) { a = 0; }
|                         static void *start_routine(void *a) { return a; }
| int
| main ()
| {
| pthread_t th; pthread_attr_t attr;
|                         pthread_create(&th, 0, start_routine, 0);
|                         pthread_join(th, 0);
|                         pthread_attr_init(&attr);
|                         pthread_cleanup_push(routine, 0);
|                         pthread_cleanup_pop(0) /* ; */
|   ;
|   return 0;
| }
configure:4627: result: no
configure:4525: checking whether pthreads work without any flags
configure:4618: gcc -o conftest -g -O2     conftest.c   >&5
/tmp/ccDvYEYI.o: In function `main':
/home/shashank/Desktop/otra/Nominatim-2.5.1/conftest.c:18: undefined reference to `pthread_create'
/home/shashank/Desktop/otra/Nominatim-2.5.1/conftest.c:19: undefined reference to `pthread_join'
/home/shashank/Desktop/otra/Nominatim-2.5.1/conftest.c:21: undefined reference to `__pthread_register_cancel'
/home/shashank/Desktop/otra/Nominatim-2.5.1/conftest.c:22: undefined reference to `__pthread_unregister_cancel'
collect2: error: ld returned 1 exit status
configure:4618: $? = 1
configure: failed program was:
| /* confdefs.h */
| #define PACKAGE_NAME "Nominatim"
| #define PACKAGE_TARNAME "nominatim"
| #define PACKAGE_VERSION "2.5.1"
| #define PACKAGE_STRING "Nominatim 2.5.1"
| #define PACKAGE_BUGREPORT ""
| #define PACKAGE_URL ""
| #define PACKAGE "nominatim"
| #define VERSION "2.5.1"
| /* end confdefs.h.  */
| #include <pthread.h>
|                         static void routine(void *a) { a = 0; }
|                         static void *start_routine(void *a) { return a; }
| int
| main ()
| {
| pthread_t th; pthread_attr_t attr;
|                         pthread_create(&th, 0, start_routine, 0);
|                         pthread_join(th, 0);
|                         pthread_attr_init(&attr);
|                         pthread_cleanup_push(routine, 0);
|                         pthread_cleanup_pop(0) /* ; */
|   ;
|   return 0;
| }
configure:4627: result: no
configure:4530: checking whether pthreads work with -Kthread
configure:4618: gcc -o conftest -g -O2 -Kthread    conftest.c   >&5
gcc: error: unrecognized command line option '-Kthread'
configure:4618: $? = 1
configure: failed program was:
| /* confdefs.h */
| #define PACKAGE_NAME "Nominatim"
| #define PACKAGE_TARNAME "nominatim"
| #define PACKAGE_VERSION "2.5.1"
| #define PACKAGE_STRING "Nominatim 2.5.1"
| #define PACKAGE_BUGREPORT ""
| #define PACKAGE_URL ""
| #define PACKAGE "nominatim"
| #define VERSION "2.5.1"
| /* end confdefs.h.  */
| #include <pthread.h>
|                         static void routine(void *a) { a = 0; }
|                         static void *start_routine(void *a) { return a; }
| int
| main ()
| {
| pthread_t th; pthread_attr_t attr;
|                         pthread_create(&th, 0, start_routine, 0);
|                         pthread_join(th, 0);
|                         pthread_attr_init(&attr);
|                         pthread_cleanup_push(routine, 0);
|                         pthread_cleanup_pop(0) /* ; */
|   ;
|   return 0;
| }
configure:4627: result: no
configure:4530: checking whether pthreads work with -kthread
configure:4618: gcc -o conftest -g -O2 -kthread    conftest.c   >&5
gcc: error: unrecognized command line option '-kthread'
configure:4618: $? = 1
configure: failed program was:
| /* confdefs.h */
| #define PACKAGE_NAME "Nominatim"
| #define PACKAGE_TARNAME "nominatim"
| #define PACKAGE_VERSION "2.5.1"
| #define PACKAGE_STRING "Nominatim 2.5.1"
| #define PACKAGE_BUGREPORT ""
| #define PACKAGE_URL ""
| #define PACKAGE "nominatim"
| #define VERSION "2.5.1"
| /* end confdefs.h.  */
| #include <pthread.h>
|                         static void routine(void *a) { a = 0; }
|                         static void *start_routine(void *a) { return a; }
| int
| main ()
| {
| pthread_t th; pthread_attr_t attr;
|                         pthread_create(&th, 0, start_routine, 0);
|                         pthread_join(th, 0);
|                         pthread_attr_init(&attr);
|                         pthread_cleanup_push(routine, 0);
|                         pthread_cleanup_pop(0) /* ; */
|   ;
|   return 0;
| }
configure:4627: result: no
configure:4580: checking for the pthreads library -llthread
configure:4618: gcc -o conftest -g -O2     conftest.c -llthread  >&5
/usr/bin/ld: cannot find -llthread
collect2: error: ld returned 1 exit status
configure:4618: $? = 1
configure: failed program was:
| /* confdefs.h */
| #define PACKAGE_NAME "Nominatim"
| #define PACKAGE_TARNAME "nominatim"
| #define PACKAGE_VERSION "2.5.1"
| #define PACKAGE_STRING "Nominatim 2.5.1"
| #define PACKAGE_BUGREPORT ""
| #define PACKAGE_URL ""
| #define PACKAGE "nominatim"
| #define VERSION "2.5.1"
| /* end confdefs.h.  */
| #include <pthread.h>
|                         static void routine(void *a) { a = 0; }
|                         static void *start_routine(void *a) { return a; }
| int
| main ()
| {
| pthread_t th; pthread_attr_t attr;
|                         pthread_create(&th, 0, start_routine, 0);
|                         pthread_join(th, 0);
|                         pthread_attr_init(&attr);
|                         pthread_cleanup_push(routine, 0);
|                         pthread_cleanup_pop(0) /* ; */
|   ;
|   return 0;
| }
configure:4627: result: no
configure:4530: checking whether pthreads work with -pthread
configure:4618: gcc -o conftest -g -O2 -pthread    conftest.c   >&5
configure:4618: $? = 0
configure:4627: result: yes
configure:4646: checking for joinable pthread attribute
configure:4661: gcc -o conftest -g -O2 -pthread   conftest.c   >&5
configure:4661: $? = 0
configure:4667: result: PTHREAD_CREATE_JOINABLE
configure:4677: checking if more special flags are required for pthreads
configure:4692: result: no
configure:4698: checking for PTHREAD_PRIO_INHERIT
configure:4715: gcc -o conftest -g -O2 -pthread   conftest.c   >&5
configure:4715: $? = 0
configure:4724: result: yes
configure:4829: checking how to run the C preprocessor
configure:4860: gcc -E  conftest.c
configure:4860: $? = 0
configure:4874: gcc -E  conftest.c
conftest.c:13:28: fatal error: ac_nonexistent.h: No such file or directory
 #include <ac_nonexistent.h>
                            ^
compilation terminated.
configure:4874: $? = 1
configure: failed program was:
| /* confdefs.h */
| #define PACKAGE_NAME "Nominatim"
| #define PACKAGE_TARNAME "nominatim"
| #define PACKAGE_VERSION "2.5.1"
| #define PACKAGE_STRING "Nominatim 2.5.1"
| #define PACKAGE_BUGREPORT ""
| #define PACKAGE_URL ""
| #define PACKAGE "nominatim"
| #define VERSION "2.5.1"
| #define HAVE_PTHREAD_PRIO_INHERIT 1
| #define HAVE_PTHREAD 1
| /* end confdefs.h.  */
| #include <ac_nonexistent.h>
configure:4899: result: gcc -E
configure:4919: gcc -E  conftest.c
configure:4919: $? = 0
configure:4933: gcc -E  conftest.c
conftest.c:13:28: fatal error: ac_nonexistent.h: No such file or directory
 #include <ac_nonexistent.h>
                            ^
compilation terminated.
configure:4933: $? = 1
configure: failed program was:
| /* confdefs.h */
| #define PACKAGE_NAME "Nominatim"
| #define PACKAGE_TARNAME "nominatim"
| #define PACKAGE_VERSION "2.5.1"
| #define PACKAGE_STRING "Nominatim 2.5.1"
| #define PACKAGE_BUGREPORT ""
| #define PACKAGE_URL ""
| #define PACKAGE "nominatim"
| #define VERSION "2.5.1"
| #define HAVE_PTHREAD_PRIO_INHERIT 1
| #define HAVE_PTHREAD 1
| /* end confdefs.h.  */
| #include <ac_nonexistent.h>
configure:4962: checking for grep that handles long lines and -e
configure:5020: result: /bin/grep
configure:5025: checking for egrep
configure:5087: result: /bin/grep -E
configure:5092: checking for ANSI C header files
configure:5112: gcc -c -g -O2  conftest.c >&5
configure:5112: $? = 0
configure:5185: gcc -o conftest -g -O2   conftest.c  >&5
configure:5185: $? = 0
configure:5185: ./conftest
configure:5185: $? = 0
configure:5196: result: yes
configure:5209: checking for sys/types.h
configure:5209: gcc -c -g -O2  conftest.c >&5
configure:5209: $? = 0
configure:5209: result: yes
configure:5209: checking for sys/stat.h
configure:5209: gcc -c -g -O2  conftest.c >&5
configure:5209: $? = 0
configure:5209: result: yes
configure:5209: checking for stdlib.h
configure:5209: gcc -c -g -O2  conftest.c >&5
configure:5209: $? = 0
configure:5209: result: yes
configure:5209: checking for string.h
configure:5209: gcc -c -g -O2  conftest.c >&5
configure:5209: $? = 0
configure:5209: result: yes
configure:5209: checking for memory.h
configure:5209: gcc -c -g -O2  conftest.c >&5
configure:5209: $? = 0
configure:5209: result: yes
configure:5209: checking for strings.h
configure:5209: gcc -c -g -O2  conftest.c >&5
configure:5209: $? = 0
configure:5209: result: yes
configure:5209: checking for inttypes.h
configure:5209: gcc -c -g -O2  conftest.c >&5
configure:5209: $? = 0
configure:5209: result: yes
configure:5209: checking for stdint.h
configure:5209: gcc -c -g -O2  conftest.c >&5
configure:5209: $? = 0
configure:5209: result: yes
configure:5209: checking for unistd.h
configure:5209: gcc -c -g -O2  conftest.c >&5
configure:5209: $? = 0
configure:5209: result: yes
configure:5252: checking for geos-config
configure:5270: found /usr/bin/geos-config
configure:5282: result: /usr/bin/geos-config
configure:5299: checking for geos libraries
configure:5310: checking geos/version.h usability
configure:5310: gcc -c -g -O2  -I/usr/include conftest.c >&5
configure:5310: $? = 0
configure:5310: result: yes
configure:5310: checking geos/version.h presence
configure:5310: gcc -E  -I/usr/include conftest.c
configure:5310: $? = 0
configure:5310: result: yes
configure:5310: checking for geos/version.h
configure:5310: result: yes
configure:5325: result: yes
configure:5472: checking for proj headers in /usr/include
configure:5496: g++ -c -g -O2  -I/usr/include conftest.cpp >&5
configure:5496: $? = 0
configure:5500: result: found
configure:5521: checking for proj library
configure:5547: g++ -o conftest -g -O2  -I/usr/include  -L/usr/lib conftest.cpp  -lproj >&5
configure:5547: $? = 0
configure:5552: result: found
configure:5578: checking for proj projection library
configure:5593: result: yes
configure:5645: checking for pg_config
configure:5663: found /usr/bin/pg_config
configure:5675: result: /usr/bin/pg_config
configure:5692: checking for PostgreSQL libraries
configure:5705: result: yes
configure:5720: checking if PostgreSQL version is >= 9.0
configure:5747: result: yes
configure:5796: checking for pg_config
configure:5826: result: /usr/bin/pg_config
configure:5843: checking for PostgreSQL server libraries
configure:5854: result: yes
configure:5870: checking if PostgreSQL version is >= 9.0
configure:5897: result: yes
configure:5998: checking for bzip2 headers in /usr/include
configure:6022: g++ -c -g -O2  -I/usr/include conftest.cpp >&5
configure:6022: $? = 0
configure:6026: result: found
configure:6047: checking for bzip2 library
configure:6077: g++ -o conftest -g -O2  -I/usr/include  -L/usr/lib conftest.cpp  -lbz2 >&5
configure:6077: $? = 0
configure:6082: result: found
configure:6108: checking for bzip2 compression library
configure:6127: result: yes
configure:6187: checking for xml2-config
configure:6205: found /usr/bin/xml2-config
configure:6218: result: /usr/bin/xml2-config
configure:6227: checking for libxml - version >= 2.0.0
configure:6329: gcc -o conftest -g -O2  -I/usr/include/libxml2  conftest.c -lxml2  >&5
conftest.c: In function 'main':
conftest.c:39:9: warning: ignoring return value of 'system', declared with attribute warn_unused_result [-Wunused-result]
   system("touch conf.xmltest");
         ^
configure:6329: $? = 0
configure:6329: ./conftest
configure:6329: $? = 0
configure:6344: result: yes (version 2.9.1)
configure:6524: checking that generated files are newer than configure
configure:6530: result: done
configure:6557: creating ./config.status

## ---------------------- ##
## Running config.status. ##
## ---------------------- ##

This file was extended by Nominatim config.status 2.5.1, which was
generated by GNU Autoconf 2.69.  Invocation command line was

  CONFIG_FILES    = 
  CONFIG_HEADERS  = 
  CONFIG_LINKS    = 
  CONFIG_COMMANDS = 
  $ ./config.status 

on Shashank-Ubuntu

config.status:900: creating Makefile
config.status:900: creating nominatim/Makefile
config.status:900: creating module/Makefile
config.status:900: creating nominatim/config.h
config.status:1081: nominatim/config.h is unchanged
config.status:1129: executing depfiles commands
configure:7941: === configuring in osm2pgsql (/home/shashank/Desktop/otra/Nominatim-2.5.1/osm2pgsql)
configure:8004: running /bin/bash ./configure --disable-option-checking '--prefix=/usr/local'  --cache-file=/dev/null --srcdir=.

## ---------------- ##
## Cache variables. ##
## ---------------- ##

ac_cv_build=x86_64-unknown-linux-gnu
ac_cv_c_compiler_gnu=yes
ac_cv_cxx_compiler_gnu=yes
ac_cv_env_CCC_set=
ac_cv_env_CCC_value=
ac_cv_env_CC_set=
ac_cv_env_CC_value=
ac_cv_env_CFLAGS_set=
ac_cv_env_CFLAGS_value=
ac_cv_env_CPPFLAGS_set=
ac_cv_env_CPPFLAGS_value=
ac_cv_env_CPP_set=
ac_cv_env_CPP_value=
ac_cv_env_CXXFLAGS_set=
ac_cv_env_CXXFLAGS_value=
ac_cv_env_CXX_set=
ac_cv_env_CXX_value=
ac_cv_env_LDFLAGS_set=
ac_cv_env_LDFLAGS_value=
ac_cv_env_LIBS_set=
ac_cv_env_LIBS_value=
ac_cv_env_build_alias_set=
ac_cv_env_build_alias_value=
ac_cv_env_host_alias_set=
ac_cv_env_host_alias_value=
ac_cv_env_target_alias_set=
ac_cv_env_target_alias_value=
ac_cv_header_geos_version_h=yes
ac_cv_header_inttypes_h=yes
ac_cv_header_memory_h=yes
ac_cv_header_stdc=yes
ac_cv_header_stdint_h=yes
ac_cv_header_stdlib_h=yes
ac_cv_header_string_h=yes
ac_cv_header_strings_h=yes
ac_cv_header_sys_stat_h=yes
ac_cv_header_sys_types_h=yes
ac_cv_header_unistd_h=yes
ac_cv_host=x86_64-unknown-linux-gnu
ac_cv_objext=o
ac_cv_path_EGREP='/bin/grep -E'
ac_cv_path_GEOS_CONFIG=/usr/bin/geos-config
ac_cv_path_GREP=/bin/grep
ac_cv_path_PG_CONFIG=/usr/bin/pg_config
ac_cv_path_XML2_CONFIG=/usr/bin/xml2-config
ac_cv_path_install='/usr/bin/install -c'
ac_cv_path_mkdir=/bin/mkdir
ac_cv_prog_AWK=mawk
ac_cv_prog_CPP='gcc -E'
ac_cv_prog_ac_ct_CC=gcc
ac_cv_prog_ac_ct_CXX=g++
ac_cv_prog_cc_c89=
ac_cv_prog_cc_g=yes
ac_cv_prog_cxx_g=yes
ac_cv_prog_make_make_set=yes
am_cv_CC_dependencies_compiler_type=gcc3
am_cv_CXX_dependencies_compiler_type=gcc3
am_cv_make_support_nested_variables=yes
am_cv_prog_cc_c_o=yes
ax_cv_PTHREAD_PRIO_INHERIT=yes

## ----------------- ##
## Output variables. ##
## ----------------- ##

ACLOCAL='${SHELL} /home/shashank/Desktop/otra/Nominatim-2.5.1/missing aclocal-1.14'
AMDEPBACKSLASH='\'
AMDEP_FALSE='#'
AMDEP_TRUE=''
AMTAR='$${TAR-tar}'
AM_BACKSLASH='\'
AM_DEFAULT_V='$(AM_DEFAULT_VERBOSITY)'
AM_DEFAULT_VERBOSITY='1'
AM_V='$(V)'
AUTOCONF='${SHELL} /home/shashank/Desktop/otra/Nominatim-2.5.1/missing autoconf'
AUTOHEADER='${SHELL} /home/shashank/Desktop/otra/Nominatim-2.5.1/missing autoheader'
AUTOMAKE='${SHELL} /home/shashank/Desktop/otra/Nominatim-2.5.1/missing automake-1.14'
AWK='mawk'
BZIP2_CFLAGS='-I/usr/include'
BZIP2_LDFLAGS='-L/usr/lib'
BZIP2_LIBS='-lbz2'
CC='gcc'
CCDEPMODE='depmode=gcc3'
CFLAGS='-g -O2'
CPP='gcc -E'
CPPFLAGS=''
CXX='g++'
CXXDEPMODE='depmode=gcc3'
CXXFLAGS='-g -O2'
CYGPATH_W='echo'
DEFS='-DHAVE_CONFIG_H'
DEPDIR='.deps'
ECHO_C=''
ECHO_N='-n'
ECHO_T=''
EGREP='/bin/grep -E'
EXEEXT=''
GEOS_CFLAGS='-I/usr/include'
GEOS_CONFIG='/usr/bin/geos-config'
GEOS_LDFLAGS='-L/usr/lib'
GEOS_LIBS='-L/usr/lib -lgeos-3.4.2'
GEOS_VERSION='3.4.2'
GREP='/bin/grep'
HAVE_BZIP2='yes'
INSTALL_DATA='${INSTALL} -m 644'
INSTALL_PROGRAM='${INSTALL}'
INSTALL_SCRIPT='${INSTALL}'
INSTALL_STRIP_PROGRAM='$(install_sh) -c -s'
LDFLAGS=''
LIBOBJS=''
LIBS=''
LTLIBOBJS=''
MAKEINFO='${SHELL} /home/shashank/Desktop/otra/Nominatim-2.5.1/missing makeinfo'
MKDIR_P='/bin/mkdir -p'
OBJEXT='o'
PACKAGE='nominatim'
PACKAGE_BUGREPORT=''
PACKAGE_NAME='Nominatim'
PACKAGE_STRING='Nominatim 2.5.1'
PACKAGE_TARNAME='nominatim'
PACKAGE_URL=''
PACKAGE_VERSION='2.5.1'
PATH_SEPARATOR=':'
PG_CONFIG='/usr/bin/pg_config'
POSTGRESQL_CPPFLAGS='-I/usr/include/postgresql'
POSTGRESQL_LDFLAGS='-L/usr/lib'
POSTGRESQL_LIBS='-lpq'
POSTGRESQL_PGXS='/usr/lib/postgresql/9.3/lib/pgxs/src/makefiles/pgxs.mk'
POSTGRESQL_SERVER_CFLAGS='-I/usr/include/postgresql/9.3/server'
POSTGRESQL_VERSION='9.3.15'
PROJ_CFLAGS='-I/usr/include'
PROJ_LDFLAGS='-L/usr/lib'
PROJ_LIBS='-lproj'
PTHREAD_CC='gcc'
PTHREAD_CFLAGS='-pthread'
PTHREAD_LIBS=''
SET_MAKE=''
SHELL='/bin/bash'
STRIP=''
VERSION='2.5.1'
XML2_CONFIG='/usr/bin/xml2-config'
XML_CPPFLAGS='-I/usr/include/libxml2'
XML_LIBS='-lxml2'
ac_ct_CC='gcc'
ac_ct_CXX='g++'
am__EXEEXT_FALSE=''
am__EXEEXT_TRUE='#'
am__fastdepCC_FALSE='#'
am__fastdepCC_TRUE=''
am__fastdepCXX_FALSE='#'
am__fastdepCXX_TRUE=''
am__include='include'
am__isrc=''
am__leading_dot='.'
am__nodep='_no'
am__quote=''
am__tar='$${TAR-tar} chof - "$$tardir"'
am__untar='$${TAR-tar} xf -'
ax_pthread_config=''
bindir='${exec_prefix}/bin'
build='x86_64-unknown-linux-gnu'
build_alias=''
build_cpu='x86_64'
build_os='linux-gnu'
build_vendor='unknown'
datadir='${datarootdir}'
datarootdir='${prefix}/share'
docdir='${datarootdir}/doc/${PACKAGE_TARNAME}'
dvidir='${docdir}'
exec_prefix='${prefix}'
host='x86_64-unknown-linux-gnu'
host_alias=''
host_cpu='x86_64'
host_os='linux-gnu'
host_vendor='unknown'
htmldir='${docdir}'
includedir='${prefix}/include'
infodir='${datarootdir}/info'
install_sh='${SHELL} /home/shashank/Desktop/otra/Nominatim-2.5.1/install-sh'
libdir='${exec_prefix}/lib'
libexecdir='${exec_prefix}/libexec'
localedir='${datarootdir}/locale'
localstatedir='${prefix}/var'
mandir='${datarootdir}/man'
mkdir_p='$(MKDIR_P)'
oldincludedir='/usr/include'
pdfdir='${docdir}'
prefix='/usr/local'
program_transform_name='s,x,x,'
psdir='${docdir}'
sbindir='${exec_prefix}/sbin'
sharedstatedir='${prefix}/com'
subdirs=' osm2pgsql'
sysconfdir='${prefix}/etc'
target_alias=''

## ----------- ##
## confdefs.h. ##
## ----------- ##

/* confdefs.h */
#define PACKAGE_NAME "Nominatim"
#define PACKAGE_TARNAME "nominatim"
#define PACKAGE_VERSION "2.5.1"
#define PACKAGE_STRING "Nominatim 2.5.1"
#define PACKAGE_BUGREPORT ""
#define PACKAGE_URL ""
#define PACKAGE "nominatim"
#define VERSION "2.5.1"
#define HAVE_PTHREAD_PRIO_INHERIT 1
#define HAVE_PTHREAD 1
#define STDC_HEADERS 1
#define HAVE_SYS_TYPES_H 1
#define HAVE_SYS_STAT_H 1
#define HAVE_STDLIB_H 1
#define HAVE_STRING_H 1
#define HAVE_MEMORY_H 1
#define HAVE_STRINGS_H 1
#define HAVE_INTTYPES_H 1
#define HAVE_STDINT_H 1
#define HAVE_UNISTD_H 1
#define HAVE_GEOS 1
#define HAVE_POSTGRESQL 1
#define HAVE_BZIP2 1

configure: exit 0
